<?xml version="1.0" encoding="UTF-8"?>
<!-- Generated by org.testng.reporters.JUnitXMLReporter -->
<testsuite ignored="0" hostname="DESKTOP-T8JE89P" failures="0" tests="2" name="Default test" time="16.556" errors="0" timestamp="2024-03-20T21:43:15 IST">
  <testcase classname="com.api.tests.CreateJobApiRequest" name="Test_api_create_joB" time="7.445"/>
  <testcase classname="com.api.tests.CreateJobApiRequest" name="test_if_data_entered_correctly_in_DB" time="8.132"/>
</testsuite> <!-- Default test -->
