<?xml version="1.0" encoding="UTF-8"?>
<testng-results ignored="0" total="1" passed="1" failed="0" skipped="0">
  <reporter-output>
  </reporter-output>
  <suite started-at="2023-11-27T00:52:07 IST" name="Default suite" finished-at="2023-11-27T00:52:15 IST" duration-ms="8385">
    <groups>
    </groups>
    <test started-at="2023-11-27T00:52:07 IST" name="Default test" finished-at="2023-11-27T00:52:15 IST" duration-ms="8385">
      <class name="com.api.tests.CreateJobApiRequest">
        <test-method is-config="true" signature="setup()[pri:0, instance:com.api.tests.CreateJobApiRequest@f5acb9d]" started-at="2023-11-27T00:52:07 IST" name="setup" description="setting up the base URL for the API using config file" finished-at="2023-11-27T00:52:08 IST" duration-ms="896" status="PASS">
          <reporter-output>
          </reporter-output>
        </test-method> <!-- setup -->
        <test-method signature="Test_api_create_joB()[pri:0, instance:com.api.tests.CreateJobApiRequest@f5acb9d]" started-at="2023-11-27T00:52:08 IST" name="Test_api_create_joB" finished-at="2023-11-27T00:52:15 IST" duration-ms="7359" status="PASS">
          <reporter-output>
          </reporter-output>
        </test-method> <!-- Test_api_create_joB -->
      </class> <!-- com.api.tests.CreateJobApiRequest -->
    </test> <!-- Default test -->
  </suite> <!-- Default suite -->
</testng-results>
