<?xml version="1.0" encoding="UTF-8"?>
<testng-results ignored="0" total="1" passed="1" failed="0" skipped="0">
  <reporter-output>
  </reporter-output>
  <suite started-at="2023-12-11T23:59:34 IST" name="Default suite" finished-at="2023-12-11T23:59:45 IST" duration-ms="10464">
    <groups>
    </groups>
    <test started-at="2023-12-11T23:59:34 IST" name="Default test" finished-at="2023-12-11T23:59:45 IST" duration-ms="10464">
      <class name="com.api.tests.LoginApiTest">
        <test-method is-config="true" signature="setup()[pri:0, instance:com.api.tests.LoginApiTest@18d87d80]" started-at="2023-12-11T23:59:34 IST" name="setup" description="setting up the base URL for the API using config file" finished-at="2023-12-11T23:59:36 IST" duration-ms="1390" status="PASS">
          <reporter-output>
          </reporter-output>
        </test-method> <!-- setup -->
        <test-method signature="loginApiTest()[pri:0, instance:com.api.tests.LoginApiTest@18d87d80]" started-at="2023-12-11T23:59:36 IST" name="loginApiTest" description="verify login using api request and check message as Success" finished-at="2023-12-11T23:59:45 IST" duration-ms="8910" status="PASS">
          <reporter-output>
          </reporter-output>
        </test-method> <!-- loginApiTest -->
      </class> <!-- com.api.tests.LoginApiTest -->
    </test> <!-- Default test -->
  </suite> <!-- Default suite -->
</testng-results>
